<?xml version="1.0" encoding="UTF-8" standalone="no"?><!DOCTYPE report PUBLIC "-//JACOCO//DTD Report 1.1//EN" "report.dtd"><report name="Pester (03/22/2021 23:10:30)"><sessioninfo id="this" start="1616454622071" dump="1616454630393" /><package name="test"><class name="test/loadEnv" sourcefilename="loadEnv.ps1"><method name="&lt;script&gt;" desc="()" line="14"><counter type="INSTRUCTION" missed="8" covered="7" /><counter type="LINE" missed="6" covered="6" /><counter type="METHOD" missed="0" covered="1" /></method><counter type="INSTRUCTION" missed="8" covered="7" /><counter type="LINE" missed="6" covered="6" /><counter type="METHOD" missed="0" covered="1" /><counter type="CLASS" missed="0" covered="1" /></class><class name="test/utils" sourcefilename="utils.ps1"><method name="RandomString" desc="()" line="2"><counter type="INSTRUCTION" missed="14" covered="0" /><counter type="LINE" missed="3" covered="0" /><counter type="METHOD" missed="1" covered="0" /></method><method name="&lt;script&gt;" desc="()" line="8"><counter type="INSTRUCTION" missed="1" covered="0" /><counter type="LINE" missed="1" covered="0" /><counter type="METHOD" missed="1" covered="0" /></method><method name="setupEnv" desc="()" line="12"><counter type="INSTRUCTION" missed="10" covered="0" /><counter type="LINE" missed="6" covered="0" /><counter type="METHOD" missed="1" covered="0" /></method><counter type="INSTRUCTION" missed="25" covered="0" /><counter type="LINE" missed="10" covered="0" /><counter type="METHOD" missed="3" covered="0" /><counter type="CLASS" missed="1" covered="0" /></class><sourcefile name="loadEnv.ps1"><line nr="14" mi="0" ci="1" mb="0" cb="0" /><line nr="15" mi="0" ci="1" mb="0" cb="0" /><line nr="16" mi="1" ci="0" mb="0" cb="0" /><line nr="19" mi="0" ci="2" mb="0" cb="0" /><line nr="20" mi="1" ci="0" mb="0" cb="0" /><line nr="22" mi="0" ci="1" mb="0" cb="0" /><line nr="24" mi="0" ci="1" mb="0" cb="0" /><line nr="25" mi="0" ci="1" mb="0" cb="0" /><line nr="27" mi="3" ci="0" mb="0" cb="0" /><line nr="28" mi="1" ci="0" mb="0" cb="0" /><line nr="29" mi="1" ci="0" mb="0" cb="0" /><line nr="30" mi="1" ci="0" mb="0" cb="0" /><counter type="INSTRUCTION" missed="8" covered="7" /><counter type="LINE" missed="6" covered="6" /><counter type="METHOD" missed="0" covered="1" /><counter type="CLASS" missed="0" covered="1" /></sourcefile><sourcefile name="utils.ps1"><line nr="2" mi="1" ci="0" mb="0" cb="0" /><line nr="3" mi="6" ci="0" mb="0" cb="0" /><line nr="5" mi="7" ci="0" mb="0" cb="0" /><line nr="8" mi="1" ci="0" mb="0" cb="0" /><line nr="12" mi="2" ci="0" mb="0" cb="0" /><line nr="13" mi="2" ci="0" mb="0" cb="0" /><line nr="15" mi="1" ci="0" mb="0" cb="0" /><line nr="16" mi="1" ci="0" mb="0" cb="0" /><line nr="17" mi="1" ci="0" mb="0" cb="0" /><line nr="19" mi="3" ci="0" mb="0" cb="0" /><counter type="INSTRUCTION" missed="25" covered="0" /><counter type="LINE" missed="10" covered="0" /><counter type="METHOD" missed="3" covered="0" /><counter type="CLASS" missed="1" covered="0" /></sourcefile><counter type="INSTRUCTION" missed="33" covered="7" /><counter type="LINE" missed="16" covered="6" /><counter type="METHOD" missed="3" covered="1" /><counter type="CLASS" missed="1" covered="1" /></package><counter type="INSTRUCTION" missed="33" covered="7" /><counter type="LINE" missed="16" covered="6" /><counter type="METHOD" missed="3" covered="1" /><counter type="CLASS" missed="1" covered="1" /></report>
