<?xml version="1.0" encoding="utf-8" standalone="no"?>
<test-results xmlns:xsi="http://www.w3.org/2001/XMLSchema-instance" xsi:noNamespaceSchemaLocation="nunit_schema_2.5.xsd" name="Pester" total="24" errors="0" failures="20" not-run="0" inconclusive="0" ignored="0" skipped="0" invalid="0" date="2021-03-22" time="23:08:56">
  <environment user="gendungu" user-domain="AFRICA" cwd="C:\Projects\msgraph-sdk-powershell" nunit-version="2.5.8.0" os-version="10.0.19042" machine-name="DEVPAD" clr-version="Unknown" platform="Microsoft Windows 10 Enterprise|C:\WINDOWS|\Device\Harddisk0\Partition3" />
  <culture-info current-culture="en-US" current-uiculture="en-US" />
  <test-suite type="TestFixture" name="Pester" executed="True" result="Failure" success="False" time="27.359" asserts="0" description="Pester">
    <results>
      <test-suite type="TestFixture" name="C:\Projects\msgraph-sdk-powershell\src\Authentication\Authentication\test\Connect-MgGraph.Tests.ps1" executed="True" result="Failure" success="False" time="26.8461" asserts="0" description="C:\Projects\msgraph-sdk-powershell\src\Authentication\Authentication\test\Connect-MgGraph.Tests.ps1">
        <results>
          <test-suite type="TestFixture" name="Connect-MgGraph In Delegated Mode" executed="True" result="Success" success="True" time="3.0753" asserts="0" description="Connect-MgGraph In Delegated Mode">
            <results>
              <test-case description="ShouldThrowExceptionWhenInvalidTenantIdIsSpecified" name="Connect-MgGraph In Delegated Mode.ShouldThrowExceptionWhenInvalidTenantIdIsSpecified" time="1.9468" asserts="0" success="True" result="Success" executed="True" />
              <test-case description="ShouldThrowExceptionWhenInvalidScopeIsSpecified" name="Connect-MgGraph In Delegated Mode.ShouldThrowExceptionWhenInvalidScopeIsSpecified" time="0.9217" asserts="0" success="True" result="Success" executed="True" />
            </results>
          </test-suite>
          <test-suite type="TestFixture" name="Connect-MgGraph In App Mode" executed="True" result="Success" success="True" time="3.2304" asserts="0" description="Connect-MgGraph In App Mode">
            <results>
              <test-case description="ShouldThrowExceptionWhenCertificateThumbprintLengthIs &gt; 40" name="Connect-MgGraph In App Mode.ShouldThrowExceptionWhenCertificateThumbprintLengthIs &gt; 40" time="0.0406" asserts="0" success="True" result="Success" executed="True" />
              <test-case description="ShouldThrowExceptionWhenCertificateThumbprintLengthIs &lt; 40" name="Connect-MgGraph In App Mode.ShouldThrowExceptionWhenCertificateThumbprintLengthIs &lt; 40" time="0.0551" asserts="0" success="True" result="Success" executed="True" />
            </results>
          </test-suite>
          <test-suite type="TestFixture" name="Connect-MgGraph Depencency Resolution" executed="True" result="Failure" success="False" time="26.2284" asserts="0" description="Connect-MgGraph Depencency Resolution">
            <results>
              <test-case description="ShouldLoadMgModuleSideBySideWithAzModule." name="Connect-MgGraph Depencency Resolution.ShouldLoadMgModuleSideBySideWithAzModule." time="0" asserts="0" success="False" result="Failure" executed="True">
                <failure>
                  <message>This test should run but it did not. Most likely a setup in some parent block failed.</message>
                  <stack-trace />
                </failure>
              </test-case>
            </results>
          </test-suite>
        </results>
      </test-suite>
      <test-suite type="TestFixture" name="C:\Projects\msgraph-sdk-powershell\src\Authentication\Authentication\test\Invoke-MgGraphRequest.Tests.ps1" executed="True" result="Failure" success="False" time="0.513" asserts="0" description="C:\Projects\msgraph-sdk-powershell\src\Authentication\Authentication\test\Invoke-MgGraphRequest.Tests.ps1">
        <results>
          <test-suite type="TestFixture" name="Invoke-MgGraphRequest Collection Results" executed="True" result="Failure" success="False" time="0.0673" asserts="0" description="Invoke-MgGraphRequest Collection Results">
            <results>
              <test-case description="ShouldReturnPsObject" name="Invoke-MgGraphRequest Collection Results.ShouldReturnPsObject" time="0" asserts="0" success="False" result="Failure" executed="True">
                <failure>
                  <message>This test should run but it did not. Most likely a setup in some parent block failed.</message>
                  <stack-trace />
                </failure>
              </test-case>
              <test-case description="ShouldReturnHashTable" name="Invoke-MgGraphRequest Collection Results.ShouldReturnHashTable" time="0" asserts="0" success="False" result="Failure" executed="True">
                <failure>
                  <message>This test should run but it did not. Most likely a setup in some parent block failed.</message>
                  <stack-trace />
                </failure>
              </test-case>
              <test-case description="ShouldReturnJsonString" name="Invoke-MgGraphRequest Collection Results.ShouldReturnJsonString" time="0" asserts="0" success="False" result="Failure" executed="True">
                <failure>
                  <message>This test should run but it did not. Most likely a setup in some parent block failed.</message>
                  <stack-trace />
                </failure>
              </test-case>
              <test-case description="ShouldReturnHttpResponseMessage" name="Invoke-MgGraphRequest Collection Results.ShouldReturnHttpResponseMessage" time="0" asserts="0" success="False" result="Failure" executed="True">
                <failure>
                  <message>This test should run but it did not. Most likely a setup in some parent block failed.</message>
                  <stack-trace />
                </failure>
              </test-case>
              <test-case description="ShouldReturnPsObjectBeta" name="Invoke-MgGraphRequest Collection Results.ShouldReturnPsObjectBeta" time="0" asserts="0" success="False" result="Failure" executed="True">
                <failure>
                  <message>This test should run but it did not. Most likely a setup in some parent block failed.</message>
                  <stack-trace />
                </failure>
              </test-case>
              <test-case description="ShouldReturnHashTableBeta" name="Invoke-MgGraphRequest Collection Results.ShouldReturnHashTableBeta" time="0" asserts="0" success="False" result="Failure" executed="True">
                <failure>
                  <message>This test should run but it did not. Most likely a setup in some parent block failed.</message>
                  <stack-trace />
                </failure>
              </test-case>
              <test-case description="ShouldReturnJsonStringBeta" name="Invoke-MgGraphRequest Collection Results.ShouldReturnJsonStringBeta" time="0" asserts="0" success="False" result="Failure" executed="True">
                <failure>
                  <message>This test should run but it did not. Most likely a setup in some parent block failed.</message>
                  <stack-trace />
                </failure>
              </test-case>
              <test-case description="ShouldReturnHttpResponseMessageBeta" name="Invoke-MgGraphRequest Collection Results.ShouldReturnHttpResponseMessageBeta" time="0" asserts="0" success="False" result="Failure" executed="True">
                <failure>
                  <message>This test should run but it did not. Most likely a setup in some parent block failed.</message>
                  <stack-trace />
                </failure>
              </test-case>
            </results>
          </test-suite>
          <test-suite type="TestFixture" name="Invoke-MgGraphRequest Single Entity" executed="True" result="Failure" success="False" time="0.1431" asserts="0" description="Invoke-MgGraphRequest Single Entity">
            <results>
              <test-case description="ShouldReturnPsObject" name="Invoke-MgGraphRequest Single Entity.ShouldReturnPsObject" time="0" asserts="0" success="False" result="Failure" executed="True">
                <failure>
                  <message>This test should run but it did not. Most likely a setup in some parent block failed.</message>
                  <stack-trace />
                </failure>
              </test-case>
              <test-case description="ShouldReturnHashTable" name="Invoke-MgGraphRequest Single Entity.ShouldReturnHashTable" time="0" asserts="0" success="False" result="Failure" executed="True">
                <failure>
                  <message>This test should run but it did not. Most likely a setup in some parent block failed.</message>
                  <stack-trace />
                </failure>
              </test-case>
              <test-case description="ShouldReturnJsonString" name="Invoke-MgGraphRequest Single Entity.ShouldReturnJsonString" time="0" asserts="0" success="False" result="Failure" executed="True">
                <failure>
                  <message>This test should run but it did not. Most likely a setup in some parent block failed.</message>
                  <stack-trace />
                </failure>
              </test-case>
              <test-case description="ShouldReturnHttpResponseMessage" name="Invoke-MgGraphRequest Single Entity.ShouldReturnHttpResponseMessage" time="0" asserts="0" success="False" result="Failure" executed="True">
                <failure>
                  <message>This test should run but it did not. Most likely a setup in some parent block failed.</message>
                  <stack-trace />
                </failure>
              </test-case>
              <test-case description="ShouldReturnPsObjectBeta" name="Invoke-MgGraphRequest Single Entity.ShouldReturnPsObjectBeta" time="0" asserts="0" success="False" result="Failure" executed="True">
                <failure>
                  <message>This test should run but it did not. Most likely a setup in some parent block failed.</message>
                  <stack-trace />
                </failure>
              </test-case>
              <test-case description="ShouldReturnHashTableBeta" name="Invoke-MgGraphRequest Single Entity.ShouldReturnHashTableBeta" time="0" asserts="0" success="False" result="Failure" executed="True">
                <failure>
                  <message>This test should run but it did not. Most likely a setup in some parent block failed.</message>
                  <stack-trace />
                </failure>
              </test-case>
              <test-case description="ShouldReturnJsonStringBeta" name="Invoke-MgGraphRequest Single Entity.ShouldReturnJsonStringBeta" time="0" asserts="0" success="False" result="Failure" executed="True">
                <failure>
                  <message>This test should run but it did not. Most likely a setup in some parent block failed.</message>
                  <stack-trace />
                </failure>
              </test-case>
              <test-case description="ShouldReturnHttpResponseMessageBeta" name="Invoke-MgGraphRequest Single Entity.ShouldReturnHttpResponseMessageBeta" time="0" asserts="0" success="False" result="Failure" executed="True">
                <failure>
                  <message>This test should run but it did not. Most likely a setup in some parent block failed.</message>
                  <stack-trace />
                </failure>
              </test-case>
            </results>
          </test-suite>
          <test-suite type="TestFixture" name="Invoke-MgGraphRequest Non-Json Responses" executed="True" result="Failure" success="False" time="0.2148" asserts="0" description="Invoke-MgGraphRequest Non-Json Responses">
            <results>
              <test-case description="Should Throw when -OutputFilePath is not Specified and Request Returns a Non-Json Response" name="Invoke-MgGraphRequest Non-Json Responses.Should Throw when -OutputFilePath is not Specified and Request Returns a Non-Json Response" time="0" asserts="0" success="False" result="Failure" executed="True">
                <failure>
                  <message>This test should run but it did not. Most likely a setup in some parent block failed.</message>
                  <stack-trace />
                </failure>
              </test-case>
              <test-case description="Should Not Throw when -OutputFilePath is Specified" name="Invoke-MgGraphRequest Non-Json Responses.Should Not Throw when -OutputFilePath is Specified" time="0" asserts="0" success="False" result="Failure" executed="True">
                <failure>
                  <message>This test should run but it did not. Most likely a setup in some parent block failed.</message>
                  <stack-trace />
                </failure>
              </test-case>
              <test-case description="Should Not Throw when -InferOutputFilePath is Specified" name="Invoke-MgGraphRequest Non-Json Responses.Should Not Throw when -InferOutputFilePath is Specified" time="0" asserts="0" success="False" result="Failure" executed="True">
                <failure>
                  <message>This test should run but it did not. Most likely a setup in some parent block failed.</message>
                  <stack-trace />
                </failure>
              </test-case>
            </results>
          </test-suite>
        </results>
      </test-suite>
    </results>
  </test-suite>
</test-results>